22/04/07 04:47:12 INFO pig.ExecTypeProvider: Trying ExecType : LOCAL
22/04/07 04:47:12 INFO pig.ExecTypeProvider: Trying ExecType : MAPREDUCE
22/04/07 04:47:12 INFO pig.ExecTypeProvider: Picked MAPREDUCE as the ExecType
2022-04-07 04:47:12,207 [main] INFO  org.apache.pig.Main - Apache Pig version 0.15.0 (r1682971) compiled Jun 01 2015, 11:44:35
2022-04-07 04:47:12,208 [main] INFO  org.apache.pig.Main - Logging error messages to: /home/2020/fanika/home/pig_1649321232206.log
2022-04-07 04:47:12,724 [main] INFO  org.apache.pig.impl.util.Utils - Default bootup file /home/2020/fanika/.pigbootup not found
2022-04-07 04:47:12,828 [main] INFO  org.apache.hadoop.conf.Configuration.deprecation - mapred.job.tracker is deprecated. Instead, use mapreduce.jobtracker.address
2022-04-07 04:47:12,828 [main] INFO  org.apache.hadoop.conf.Configuration.deprecation - fs.default.name is deprecated. Instead, use fs.defaultFS
2022-04-07 04:47:12,828 [main] INFO  org.apache.pig.backend.hadoop.executionengine.HExecutionEngine - Connecting to hadoop file system at: hdfs://winter2022-comp421-1.cs.mcgill.ca:9000
2022-04-07 04:47:13,817 [main] INFO  org.apache.hadoop.conf.Configuration.deprecation - fs.default.name is deprecated. Instead, use fs.defaultFS
2022-04-07 04:47:13,891 [main] INFO  org.apache.hadoop.conf.Configuration.deprecation - fs.default.name is deprecated. Instead, use fs.defaultFS
2022-04-07 04:47:13,941 [main] INFO  org.apache.hadoop.conf.Configuration.deprecation - fs.default.name is deprecated. Instead, use fs.defaultFS
2022-04-07 04:47:14,179 [main] WARN  org.apache.pig.newplan.BaseOperatorPlan - Encountered Warning IMPLICIT_CAST_TO_DOUBLE 1 time(s).
2022-04-07 04:47:14,194 [main] INFO  org.apache.pig.tools.pigstats.ScriptState - Pig features used in the script: HASH_JOIN,GROUP_BY,ORDER_BY,FILTER
2022-04-07 04:47:14,230 [main] INFO  org.apache.hadoop.conf.Configuration.deprecation - fs.default.name is deprecated. Instead, use fs.defaultFS
2022-04-07 04:47:14,236 [main] INFO  org.apache.pig.data.SchemaTupleBackend - Key [pig.schematuple] was not set... will not generate code.
2022-04-07 04:47:14,265 [main] INFO  org.apache.pig.newplan.logical.optimizer.LogicalPlanOptimizer - {RULES_ENABLED=[AddForEach, ColumnMapKeyPrune, ConstantCalculator, GroupByConstParallelSetter, LimitOptimizer, LoadTypeCastInserter, MergeFilter, MergeForEach, PartitionFilterOptimizer, PredicatePushdownOptimizer, PushDownForEachFlatten, PushUpFilter, SplitFilter, StreamTypeCastInserter]}
2022-04-07 04:47:14,294 [main] INFO  org.apache.pig.newplan.logical.rules.ColumnPruneVisitor - Columns pruned for vdatacsv: $2
2022-04-07 04:47:14,393 [main] INFO  org.apache.pig.backend.hadoop.executionengine.mapReduceLayer.MRCompiler - File concatenation threshold: 100 optimistic? false
2022-04-07 04:47:14,420 [main] INFO  org.apache.pig.backend.hadoop.executionengine.util.CombinerOptimizerUtil - Choosing to move algebraic foreach to combiner
2022-04-07 04:47:14,432 [main] INFO  org.apache.pig.backend.hadoop.executionengine.mapReduceLayer.SecondaryKeyOptimizerMR - Using Secondary Key Optimization for MapReduce node scope-110
2022-04-07 04:47:14,435 [main] INFO  org.apache.pig.backend.hadoop.executionengine.mapReduceLayer.MRCompiler$LastInputStreamingOptimizer - Rewrite: POPackage->POForEach to POPackage(JoinPackager)
2022-04-07 04:47:14,436 [main] INFO  org.apache.pig.backend.hadoop.executionengine.mapReduceLayer.MRCompiler$LastInputStreamingOptimizer - Rewrite: POPackage->POForEach to POPackage(JoinPackager)
2022-04-07 04:47:14,444 [main] INFO  org.apache.pig.backend.hadoop.executionengine.mapReduceLayer.MultiQueryOptimizer - MR plan size before optimization: 5
2022-04-07 04:47:14,444 [main] INFO  org.apache.pig.backend.hadoop.executionengine.mapReduceLayer.MultiQueryOptimizer - MR plan size after optimization: 5
2022-04-07 04:47:14,471 [main] INFO  org.apache.hadoop.conf.Configuration.deprecation - fs.default.name is deprecated. Instead, use fs.defaultFS
2022-04-07 04:47:14,502 [main] INFO  org.apache.hadoop.yarn.client.RMProxy - Connecting to ResourceManager at winter2022-comp421-1.cs.mcgill.ca/132.206.51.211:8032
2022-04-07 04:47:14,671 [main] INFO  org.apache.pig.tools.pigstats.mapreduce.MRScriptState - Pig script settings are added to the job
2022-04-07 04:47:14,679 [main] INFO  org.apache.hadoop.conf.Configuration.deprecation - mapred.job.reduce.markreset.buffer.percent is deprecated. Instead, use mapreduce.reduce.markreset.buffer.percent
2022-04-07 04:47:14,680 [main] INFO  org.apache.pig.backend.hadoop.executionengine.mapReduceLayer.JobControlCompiler - mapred.job.reduce.markreset.buffer.percent is not set, set to default 0.3
2022-04-07 04:47:14,680 [main] INFO  org.apache.hadoop.conf.Configuration.deprecation - mapred.output.compress is deprecated. Instead, use mapreduce.output.fileoutputformat.compress
2022-04-07 04:47:14,682 [main] INFO  org.apache.pig.backend.hadoop.executionengine.mapReduceLayer.JobControlCompiler - Reduce phase detected, estimating # of required reducers.
2022-04-07 04:47:14,682 [main] INFO  org.apache.pig.backend.hadoop.executionengine.mapReduceLayer.JobControlCompiler - Using reducer estimator: org.apache.pig.backend.hadoop.executionengine.mapReduceLayer.InputSizeReducerEstimator
2022-04-07 04:47:14,688 [main] INFO  org.apache.pig.backend.hadoop.executionengine.mapReduceLayer.InputSizeReducerEstimator - BytesPerReducer=1000000000 maxReducers=999 totalInputFileSize=42207
2022-04-07 04:47:14,689 [main] INFO  org.apache.pig.backend.hadoop.executionengine.mapReduceLayer.JobControlCompiler - Setting Parallelism to 1
2022-04-07 04:47:14,689 [main] INFO  org.apache.hadoop.conf.Configuration.deprecation - mapred.reduce.tasks is deprecated. Instead, use mapreduce.job.reduces
2022-04-07 04:47:14,689 [main] INFO  org.apache.pig.backend.hadoop.executionengine.mapReduceLayer.JobControlCompiler - This job cannot be converted run in-process
2022-04-07 04:47:14,979 [main] INFO  org.apache.pig.backend.hadoop.executionengine.mapReduceLayer.JobControlCompiler - Added jar file:/data/cs421/softwares/apache/pig-0.15.0/pig-0.15.0-core-h2.jar to DistributedCache through /tmp/temp-875857551/tmp-64672126/pig-0.15.0-core-h2.jar
2022-04-07 04:47:15,017 [main] INFO  org.apache.pig.backend.hadoop.executionengine.mapReduceLayer.JobControlCompiler - Added jar file:/data/cs421/softwares/apache/pig-0.15.0/lib/automaton-1.11-8.jar to DistributedCache through /tmp/temp-875857551/tmp-1999399087/automaton-1.11-8.jar
2022-04-07 04:47:15,045 [main] INFO  org.apache.pig.backend.hadoop.executionengine.mapReduceLayer.JobControlCompiler - Added jar file:/data/cs421/softwares/apache/pig-0.15.0/lib/antlr-runtime-3.4.jar to DistributedCache through /tmp/temp-875857551/tmp-1896992799/antlr-runtime-3.4.jar
2022-04-07 04:47:15,091 [main] INFO  org.apache.pig.backend.hadoop.executionengine.mapReduceLayer.JobControlCompiler - Added jar file:/data/cs421/softwares/apache/pig-0.15.0/lib/joda-time-2.5.jar to DistributedCache through /tmp/temp-875857551/tmp954398808/joda-time-2.5.jar
2022-04-07 04:47:15,116 [main] INFO  org.apache.pig.backend.hadoop.executionengine.mapReduceLayer.JobControlCompiler - Setting up single store job
2022-04-07 04:47:15,120 [main] INFO  org.apache.pig.data.SchemaTupleFrontend - Key [pig.schematuple] is false, will not generate code.
2022-04-07 04:47:15,120 [main] INFO  org.apache.pig.data.SchemaTupleFrontend - Starting process to move generated code to distributed cacche
2022-04-07 04:47:15,120 [main] INFO  org.apache.pig.data.SchemaTupleFrontend - Setting key [pig.schematuple.classes] with classes to deserialize []
2022-04-07 04:47:15,190 [main] INFO  org.apache.pig.backend.hadoop.executionengine.mapReduceLayer.MapReduceLauncher - 1 map-reduce job(s) waiting for submission.
2022-04-07 04:47:15,190 [main] INFO  org.apache.hadoop.conf.Configuration.deprecation - mapred.job.tracker.http.address is deprecated. Instead, use mapreduce.jobtracker.http.address
2022-04-07 04:47:15,195 [JobControl] INFO  org.apache.hadoop.yarn.client.RMProxy - Connecting to ResourceManager at winter2022-comp421-1.cs.mcgill.ca/132.206.51.211:8032
2022-04-07 04:47:15,212 [JobControl] INFO  org.apache.hadoop.conf.Configuration.deprecation - fs.default.name is deprecated. Instead, use fs.defaultFS
2022-04-07 04:47:15,304 [JobControl] WARN  org.apache.hadoop.mapreduce.JobResourceUploader - No job jar file set.  User classes may not be found. See Job or Job#setJar(String).
2022-04-07 04:47:15,354 [JobControl] INFO  org.apache.hadoop.mapreduce.lib.input.FileInputFormat - Total input paths to process : 1
2022-04-07 04:47:15,355 [JobControl] INFO  org.apache.pig.backend.hadoop.executionengine.util.MapRedUtil - Total input paths to process : 1
2022-04-07 04:47:15,379 [JobControl] INFO  org.apache.pig.backend.hadoop.executionengine.util.MapRedUtil - Total input paths (combined) to process : 1
2022-04-07 04:47:15,536 [JobControl] INFO  org.apache.hadoop.mapreduce.JobSubmitter - number of splits:1
2022-04-07 04:47:15,702 [JobControl] INFO  org.apache.hadoop.mapreduce.JobSubmitter - Submitting tokens for job: job_1646255334772_26828
2022-04-07 04:47:15,844 [JobControl] INFO  org.apache.hadoop.mapred.YARNRunner - Job jar is not present. Not adding any jar to the list of resources.
2022-04-07 04:47:15,916 [JobControl] INFO  org.apache.hadoop.yarn.client.api.impl.YarnClientImpl - Submitted application application_1646255334772_26828
2022-04-07 04:47:15,964 [JobControl] INFO  org.apache.hadoop.mapreduce.Job - The url to track the job: http://winter2022-comp421-1.cs.mcgill.ca:8088/proxy/application_1646255334772_26828/
2022-04-07 04:47:15,965 [main] INFO  org.apache.pig.backend.hadoop.executionengine.mapReduceLayer.MapReduceLauncher - HadoopJobId: job_1646255334772_26828
2022-04-07 04:47:15,965 [main] INFO  org.apache.pig.backend.hadoop.executionengine.mapReduceLayer.MapReduceLauncher - Processing aliases companies_counted,companies_grouped,vmetacsv
2022-04-07 04:47:15,965 [main] INFO  org.apache.pig.backend.hadoop.executionengine.mapReduceLayer.MapReduceLauncher - detailed locations: M: vmetacsv[3,11],vmetacsv[-1,-1],companies_counted[9,20],companies_grouped[8,20] C: companies_counted[9,20],companies_grouped[8,20] R: companies_counted[9,20]
2022-04-07 04:47:15,972 [main] INFO  org.apache.pig.backend.hadoop.executionengine.mapReduceLayer.MapReduceLauncher - 0% complete
2022-04-07 04:47:15,972 [main] INFO  org.apache.pig.backend.hadoop.executionengine.mapReduceLayer.MapReduceLauncher - Running jobs are [job_1646255334772_26828]
2022-04-07 04:47:28,062 [main] INFO  org.apache.pig.backend.hadoop.executionengine.mapReduceLayer.MapReduceLauncher - 10% complete
2022-04-07 04:47:28,062 [main] INFO  org.apache.pig.backend.hadoop.executionengine.mapReduceLayer.MapReduceLauncher - Running jobs are [job_1646255334772_26828]
2022-04-07 04:47:35,071 [main] INFO  org.apache.pig.backend.hadoop.executionengine.mapReduceLayer.MapReduceLauncher - 20% complete
2022-04-07 04:47:35,071 [main] INFO  org.apache.pig.backend.hadoop.executionengine.mapReduceLayer.MapReduceLauncher - Running jobs are [job_1646255334772_26828]
2022-04-07 04:47:36,087 [main] INFO  org.apache.hadoop.yarn.client.RMProxy - Connecting to ResourceManager at winter2022-comp421-1.cs.mcgill.ca/132.206.51.211:8032
2022-04-07 04:47:36,104 [main] INFO  org.apache.hadoop.mapred.ClientServiceDelegate - Application state is completed. FinalApplicationStatus=SUCCEEDED. Redirecting to job history server
2022-04-07 04:47:36,358 [main] INFO  org.apache.hadoop.yarn.client.RMProxy - Connecting to ResourceManager at winter2022-comp421-1.cs.mcgill.ca/132.206.51.211:8032
2022-04-07 04:47:36,368 [main] INFO  org.apache.hadoop.mapred.ClientServiceDelegate - Application state is completed. FinalApplicationStatus=SUCCEEDED. Redirecting to job history server
2022-04-07 04:47:36,477 [main] INFO  org.apache.hadoop.yarn.client.RMProxy - Connecting to ResourceManager at winter2022-comp421-1.cs.mcgill.ca/132.206.51.211:8032
2022-04-07 04:47:36,483 [main] INFO  org.apache.hadoop.mapred.ClientServiceDelegate - Application state is completed. FinalApplicationStatus=SUCCEEDED. Redirecting to job history server
2022-04-07 04:47:36,575 [main] INFO  org.apache.pig.tools.pigstats.mapreduce.MRScriptState - Pig script settings are added to the job
2022-04-07 04:47:36,576 [main] INFO  org.apache.pig.backend.hadoop.executionengine.mapReduceLayer.JobControlCompiler - mapred.job.reduce.markreset.buffer.percent is not set, set to default 0.3
2022-04-07 04:47:36,578 [main] INFO  org.apache.pig.backend.hadoop.executionengine.mapReduceLayer.JobControlCompiler - Reduce phase detected, estimating # of required reducers.
2022-04-07 04:47:36,578 [main] INFO  org.apache.pig.backend.hadoop.executionengine.mapReduceLayer.JobControlCompiler - Using reducer estimator: org.apache.pig.backend.hadoop.executionengine.mapReduceLayer.InputSizeReducerEstimator
2022-04-07 04:47:36,599 [main] INFO  org.apache.pig.backend.hadoop.executionengine.mapReduceLayer.InputSizeReducerEstimator - BytesPerReducer=1000000000 maxReducers=999 totalInputFileSize=8745
2022-04-07 04:47:36,599 [main] INFO  org.apache.pig.backend.hadoop.executionengine.mapReduceLayer.JobControlCompiler - Setting Parallelism to 1
2022-04-07 04:47:36,599 [main] INFO  org.apache.pig.backend.hadoop.executionengine.mapReduceLayer.JobControlCompiler - This job cannot be converted run in-process
2022-04-07 04:47:36,689 [main] INFO  org.apache.pig.backend.hadoop.executionengine.mapReduceLayer.JobControlCompiler - Added jar file:/data/cs421/softwares/apache/pig-0.15.0/pig-0.15.0-core-h2.jar to DistributedCache through /tmp/temp-875857551/tmp2112685162/pig-0.15.0-core-h2.jar
2022-04-07 04:47:36,729 [main] INFO  org.apache.pig.backend.hadoop.executionengine.mapReduceLayer.JobControlCompiler - Added jar file:/data/cs421/softwares/apache/pig-0.15.0/lib/automaton-1.11-8.jar to DistributedCache through /tmp/temp-875857551/tmp-858173020/automaton-1.11-8.jar
2022-04-07 04:47:36,786 [main] INFO  org.apache.pig.backend.hadoop.executionengine.mapReduceLayer.JobControlCompiler - Added jar file:/data/cs421/softwares/apache/pig-0.15.0/lib/antlr-runtime-3.4.jar to DistributedCache through /tmp/temp-875857551/tmp-1326613981/antlr-runtime-3.4.jar
2022-04-07 04:47:36,849 [main] INFO  org.apache.pig.backend.hadoop.executionengine.mapReduceLayer.JobControlCompiler - Added jar file:/data/cs421/softwares/apache/pig-0.15.0/lib/joda-time-2.5.jar to DistributedCache through /tmp/temp-875857551/tmp515688034/joda-time-2.5.jar
2022-04-07 04:47:36,885 [main] INFO  org.apache.pig.backend.hadoop.executionengine.mapReduceLayer.JobControlCompiler - Setting up single store job
2022-04-07 04:47:36,887 [main] INFO  org.apache.pig.data.SchemaTupleFrontend - Key [pig.schematuple] is false, will not generate code.
2022-04-07 04:47:36,887 [main] INFO  org.apache.pig.data.SchemaTupleFrontend - Starting process to move generated code to distributed cacche
2022-04-07 04:47:36,887 [main] INFO  org.apache.pig.data.SchemaTupleFrontend - Setting key [pig.schematuple.classes] with classes to deserialize []
2022-04-07 04:47:36,926 [main] INFO  org.apache.pig.backend.hadoop.executionengine.mapReduceLayer.MapReduceLauncher - 1 map-reduce job(s) waiting for submission.
2022-04-07 04:47:36,935 [JobControl] INFO  org.apache.hadoop.yarn.client.RMProxy - Connecting to ResourceManager at winter2022-comp421-1.cs.mcgill.ca/132.206.51.211:8032
2022-04-07 04:47:36,950 [JobControl] INFO  org.apache.hadoop.conf.Configuration.deprecation - fs.default.name is deprecated. Instead, use fs.defaultFS
2022-04-07 04:47:36,980 [JobControl] WARN  org.apache.hadoop.mapreduce.JobResourceUploader - No job jar file set.  User classes may not be found. See Job or Job#setJar(String).
2022-04-07 04:47:37,039 [JobControl] INFO  org.apache.hadoop.mapreduce.lib.input.FileInputFormat - Total input paths to process : 1
2022-04-07 04:47:37,039 [JobControl] INFO  org.apache.pig.backend.hadoop.executionengine.util.MapRedUtil - Total input paths to process : 1
2022-04-07 04:47:37,044 [JobControl] INFO  org.apache.pig.backend.hadoop.executionengine.util.MapRedUtil - Total input paths (combined) to process : 1
2022-04-07 04:47:37,060 [JobControl] INFO  org.apache.hadoop.mapreduce.lib.input.FileInputFormat - Total input paths to process : 1
2022-04-07 04:47:37,061 [JobControl] INFO  org.apache.pig.backend.hadoop.executionengine.util.MapRedUtil - Total input paths to process : 1
2022-04-07 04:47:37,061 [JobControl] INFO  org.apache.pig.backend.hadoop.executionengine.util.MapRedUtil - Total input paths (combined) to process : 1
2022-04-07 04:47:37,157 [JobControl] INFO  org.apache.hadoop.mapreduce.JobSubmitter - number of splits:2
2022-04-07 04:47:37,282 [JobControl] INFO  org.apache.hadoop.mapreduce.JobSubmitter - Submitting tokens for job: job_1646255334772_26831
2022-04-07 04:47:37,285 [JobControl] INFO  org.apache.hadoop.mapred.YARNRunner - Job jar is not present. Not adding any jar to the list of resources.
2022-04-07 04:47:37,306 [JobControl] INFO  org.apache.hadoop.yarn.client.api.impl.YarnClientImpl - Submitted application application_1646255334772_26831
2022-04-07 04:47:37,308 [JobControl] INFO  org.apache.hadoop.mapreduce.Job - The url to track the job: http://winter2022-comp421-1.cs.mcgill.ca:8088/proxy/application_1646255334772_26831/
2022-04-07 04:47:37,430 [main] INFO  org.apache.pig.backend.hadoop.executionengine.mapReduceLayer.MapReduceLauncher - HadoopJobId: job_1646255334772_26831
2022-04-07 04:47:37,430 [main] INFO  org.apache.pig.backend.hadoop.executionengine.mapReduceLayer.MapReduceLauncher - Processing aliases join_vacc,vdatacsv
2022-04-07 04:47:37,430 [main] INFO  org.apache.pig.backend.hadoop.executionengine.mapReduceLayer.MapReduceLauncher - detailed locations: M: vdatacsv[5,11],vdatacsv[-1,-1],join_vacc[13,12],join_vacc[13,12] C:  R: join_vacc[-1,-1]
2022-04-07 04:47:49,451 [main] INFO  org.apache.pig.backend.hadoop.executionengine.mapReduceLayer.MapReduceLauncher - 30% complete
2022-04-07 04:47:49,452 [main] INFO  org.apache.pig.backend.hadoop.executionengine.mapReduceLayer.MapReduceLauncher - Running jobs are [job_1646255334772_26831]
2022-04-07 04:47:56,461 [main] INFO  org.apache.pig.backend.hadoop.executionengine.mapReduceLayer.MapReduceLauncher - 40% complete
2022-04-07 04:47:56,461 [main] INFO  org.apache.pig.backend.hadoop.executionengine.mapReduceLayer.MapReduceLauncher - Running jobs are [job_1646255334772_26831]
2022-04-07 04:47:57,469 [main] INFO  org.apache.hadoop.yarn.client.RMProxy - Connecting to ResourceManager at winter2022-comp421-1.cs.mcgill.ca/132.206.51.211:8032
2022-04-07 04:47:57,479 [main] INFO  org.apache.hadoop.mapred.ClientServiceDelegate - Application state is completed. FinalApplicationStatus=SUCCEEDED. Redirecting to job history server
2022-04-07 04:47:57,554 [main] INFO  org.apache.hadoop.yarn.client.RMProxy - Connecting to ResourceManager at winter2022-comp421-1.cs.mcgill.ca/132.206.51.211:8032
2022-04-07 04:47:57,559 [main] INFO  org.apache.hadoop.mapred.ClientServiceDelegate - Application state is completed. FinalApplicationStatus=SUCCEEDED. Redirecting to job history server
2022-04-07 04:47:57,602 [main] INFO  org.apache.hadoop.yarn.client.RMProxy - Connecting to ResourceManager at winter2022-comp421-1.cs.mcgill.ca/132.206.51.211:8032
2022-04-07 04:47:57,605 [main] INFO  org.apache.hadoop.mapred.ClientServiceDelegate - Application state is completed. FinalApplicationStatus=SUCCEEDED. Redirecting to job history server
2022-04-07 04:47:57,637 [main] INFO  org.apache.pig.tools.pigstats.mapreduce.MRScriptState - Pig script settings are added to the job
2022-04-07 04:47:57,637 [main] INFO  org.apache.pig.backend.hadoop.executionengine.mapReduceLayer.JobControlCompiler - mapred.job.reduce.markreset.buffer.percent is not set, set to default 0.3
2022-04-07 04:47:57,638 [main] INFO  org.apache.pig.backend.hadoop.executionengine.mapReduceLayer.JobControlCompiler - Reduce phase detected, estimating # of required reducers.
2022-04-07 04:47:57,638 [main] INFO  org.apache.pig.backend.hadoop.executionengine.mapReduceLayer.JobControlCompiler - Using reducer estimator: org.apache.pig.backend.hadoop.executionengine.mapReduceLayer.InputSizeReducerEstimator
2022-04-07 04:47:57,651 [main] INFO  org.apache.pig.backend.hadoop.executionengine.mapReduceLayer.InputSizeReducerEstimator - BytesPerReducer=1000000000 maxReducers=999 totalInputFileSize=8367
2022-04-07 04:47:57,651 [main] INFO  org.apache.pig.backend.hadoop.executionengine.mapReduceLayer.JobControlCompiler - Setting Parallelism to 1
2022-04-07 04:47:57,651 [main] INFO  org.apache.pig.backend.hadoop.executionengine.mapReduceLayer.JobControlCompiler - This job cannot be converted run in-process
2022-04-07 04:47:57,750 [main] INFO  org.apache.pig.backend.hadoop.executionengine.mapReduceLayer.JobControlCompiler - Added jar file:/data/cs421/softwares/apache/pig-0.15.0/pig-0.15.0-core-h2.jar to DistributedCache through /tmp/temp-875857551/tmp-557697919/pig-0.15.0-core-h2.jar
2022-04-07 04:47:57,782 [main] INFO  org.apache.pig.backend.hadoop.executionengine.mapReduceLayer.JobControlCompiler - Added jar file:/data/cs421/softwares/apache/pig-0.15.0/lib/automaton-1.11-8.jar to DistributedCache through /tmp/temp-875857551/tmp1846396831/automaton-1.11-8.jar
2022-04-07 04:47:57,796 [main] INFO  org.apache.pig.backend.hadoop.executionengine.mapReduceLayer.JobControlCompiler - Added jar file:/data/cs421/softwares/apache/pig-0.15.0/lib/antlr-runtime-3.4.jar to DistributedCache through /tmp/temp-875857551/tmp-2066532440/antlr-runtime-3.4.jar
2022-04-07 04:47:57,872 [main] INFO  org.apache.pig.backend.hadoop.executionengine.mapReduceLayer.JobControlCompiler - Added jar file:/data/cs421/softwares/apache/pig-0.15.0/lib/joda-time-2.5.jar to DistributedCache through /tmp/temp-875857551/tmp1104467187/joda-time-2.5.jar
2022-04-07 04:47:57,883 [main] INFO  org.apache.pig.backend.hadoop.executionengine.mapReduceLayer.JobControlCompiler - Setting up single store job
2022-04-07 04:47:57,884 [main] INFO  org.apache.pig.data.SchemaTupleFrontend - Key [pig.schematuple] is false, will not generate code.
2022-04-07 04:47:57,884 [main] INFO  org.apache.pig.data.SchemaTupleFrontend - Starting process to move generated code to distributed cacche
2022-04-07 04:47:57,884 [main] INFO  org.apache.pig.data.SchemaTupleFrontend - Setting key [pig.schematuple.classes] with classes to deserialize []
2022-04-07 04:47:57,913 [main] INFO  org.apache.pig.backend.hadoop.executionengine.mapReduceLayer.MapReduceLauncher - 1 map-reduce job(s) waiting for submission.
2022-04-07 04:47:57,916 [JobControl] INFO  org.apache.hadoop.yarn.client.RMProxy - Connecting to ResourceManager at winter2022-comp421-1.cs.mcgill.ca/132.206.51.211:8032
2022-04-07 04:47:57,920 [JobControl] INFO  org.apache.hadoop.conf.Configuration.deprecation - fs.default.name is deprecated. Instead, use fs.defaultFS
2022-04-07 04:47:57,927 [JobControl] WARN  org.apache.hadoop.mapreduce.JobResourceUploader - No job jar file set.  User classes may not be found. See Job or Job#setJar(String).
2022-04-07 04:47:57,950 [JobControl] INFO  org.apache.hadoop.mapreduce.lib.input.FileInputFormat - Total input paths to process : 1
2022-04-07 04:47:57,950 [JobControl] INFO  org.apache.pig.backend.hadoop.executionengine.util.MapRedUtil - Total input paths to process : 1
2022-04-07 04:47:57,952 [JobControl] INFO  org.apache.pig.backend.hadoop.executionengine.util.MapRedUtil - Total input paths (combined) to process : 1
2022-04-07 04:47:57,957 [JobControl] INFO  org.apache.hadoop.mapreduce.lib.input.FileInputFormat - Total input paths to process : 1
2022-04-07 04:47:57,957 [JobControl] INFO  org.apache.pig.backend.hadoop.executionengine.util.MapRedUtil - Total input paths to process : 1
2022-04-07 04:47:57,957 [JobControl] INFO  org.apache.pig.backend.hadoop.executionengine.util.MapRedUtil - Total input paths (combined) to process : 1
2022-04-07 04:47:57,991 [JobControl] INFO  org.apache.hadoop.mapreduce.JobSubmitter - number of splits:2
2022-04-07 04:47:58,033 [JobControl] INFO  org.apache.hadoop.mapreduce.JobSubmitter - Submitting tokens for job: job_1646255334772_26835
2022-04-07 04:47:58,036 [JobControl] INFO  org.apache.hadoop.mapred.YARNRunner - Job jar is not present. Not adding any jar to the list of resources.
2022-04-07 04:47:58,055 [JobControl] INFO  org.apache.hadoop.yarn.client.api.impl.YarnClientImpl - Submitted application application_1646255334772_26835
2022-04-07 04:47:58,058 [JobControl] INFO  org.apache.hadoop.mapreduce.Job - The url to track the job: http://winter2022-comp421-1.cs.mcgill.ca:8088/proxy/application_1646255334772_26835/
2022-04-07 04:47:58,414 [main] INFO  org.apache.pig.backend.hadoop.executionengine.mapReduceLayer.MapReduceLauncher - HadoopJobId: job_1646255334772_26835
2022-04-07 04:47:58,414 [main] INFO  org.apache.pig.backend.hadoop.executionengine.mapReduceLayer.MapReduceLauncher - Processing aliases join_pop,popcsv,tbl,tbl_filter
2022-04-07 04:47:58,414 [main] INFO  org.apache.pig.backend.hadoop.executionengine.mapReduceLayer.MapReduceLauncher - detailed locations: M: join_pop[15,11],popcsv[1,9],popcsv[-1,-1],tbl_filter[22,13],join_pop[15,11] C:  R: tbl[19,6]
2022-04-07 04:48:17,230 [main] INFO  org.apache.pig.backend.hadoop.executionengine.mapReduceLayer.MapReduceLauncher - 50% complete
2022-04-07 04:48:17,230 [main] INFO  org.apache.pig.backend.hadoop.executionengine.mapReduceLayer.MapReduceLauncher - Running jobs are [job_1646255334772_26835]
2022-04-07 04:48:22,738 [main] INFO  org.apache.pig.backend.hadoop.executionengine.mapReduceLayer.MapReduceLauncher - 60% complete
2022-04-07 04:48:22,738 [main] INFO  org.apache.pig.backend.hadoop.executionengine.mapReduceLayer.MapReduceLauncher - Running jobs are [job_1646255334772_26835]
2022-04-07 04:48:28,257 [main] INFO  org.apache.hadoop.yarn.client.RMProxy - Connecting to ResourceManager at winter2022-comp421-1.cs.mcgill.ca/132.206.51.211:8032
2022-04-07 04:48:28,271 [main] INFO  org.apache.hadoop.mapred.ClientServiceDelegate - Application state is completed. FinalApplicationStatus=SUCCEEDED. Redirecting to job history server
2022-04-07 04:48:28,494 [main] INFO  org.apache.hadoop.yarn.client.RMProxy - Connecting to ResourceManager at winter2022-comp421-1.cs.mcgill.ca/132.206.51.211:8032
2022-04-07 04:48:28,498 [main] INFO  org.apache.hadoop.mapred.ClientServiceDelegate - Application state is completed. FinalApplicationStatus=SUCCEEDED. Redirecting to job history server
2022-04-07 04:48:28,538 [main] INFO  org.apache.hadoop.yarn.client.RMProxy - Connecting to ResourceManager at winter2022-comp421-1.cs.mcgill.ca/132.206.51.211:8032
2022-04-07 04:48:28,542 [main] INFO  org.apache.hadoop.mapred.ClientServiceDelegate - Application state is completed. FinalApplicationStatus=SUCCEEDED. Redirecting to job history server
2022-04-07 04:48:28,582 [main] INFO  org.apache.pig.tools.pigstats.mapreduce.MRScriptState - Pig script settings are added to the job
2022-04-07 04:48:28,582 [main] INFO  org.apache.pig.backend.hadoop.executionengine.mapReduceLayer.JobControlCompiler - mapred.job.reduce.markreset.buffer.percent is not set, set to default 0.3
2022-04-07 04:48:28,583 [main] INFO  org.apache.pig.backend.hadoop.executionengine.mapReduceLayer.JobControlCompiler - Reduce phase detected, estimating # of required reducers.
2022-04-07 04:48:28,583 [main] INFO  org.apache.pig.backend.hadoop.executionengine.mapReduceLayer.JobControlCompiler - Using reducer estimator: org.apache.pig.backend.hadoop.executionengine.mapReduceLayer.InputSizeReducerEstimator
2022-04-07 04:48:28,588 [main] INFO  org.apache.pig.backend.hadoop.executionengine.mapReduceLayer.InputSizeReducerEstimator - BytesPerReducer=1000000000 maxReducers=999 totalInputFileSize=2585
2022-04-07 04:48:28,589 [main] INFO  org.apache.pig.backend.hadoop.executionengine.mapReduceLayer.JobControlCompiler - Setting Parallelism to 1
2022-04-07 04:48:28,589 [main] INFO  org.apache.pig.backend.hadoop.executionengine.mapReduceLayer.JobControlCompiler - This job cannot be converted run in-process
2022-04-07 04:48:28,652 [main] INFO  org.apache.pig.backend.hadoop.executionengine.mapReduceLayer.JobControlCompiler - Added jar file:/data/cs421/softwares/apache/pig-0.15.0/pig-0.15.0-core-h2.jar to DistributedCache through /tmp/temp-875857551/tmp1596036761/pig-0.15.0-core-h2.jar
2022-04-07 04:48:28,682 [main] INFO  org.apache.pig.backend.hadoop.executionengine.mapReduceLayer.JobControlCompiler - Added jar file:/data/cs421/softwares/apache/pig-0.15.0/lib/automaton-1.11-8.jar to DistributedCache through /tmp/temp-875857551/tmp1991864428/automaton-1.11-8.jar
2022-04-07 04:48:28,700 [main] INFO  org.apache.pig.backend.hadoop.executionengine.mapReduceLayer.JobControlCompiler - Added jar file:/data/cs421/softwares/apache/pig-0.15.0/lib/antlr-runtime-3.4.jar to DistributedCache through /tmp/temp-875857551/tmp252939497/antlr-runtime-3.4.jar
2022-04-07 04:48:28,738 [main] INFO  org.apache.pig.backend.hadoop.executionengine.mapReduceLayer.JobControlCompiler - Added jar file:/data/cs421/softwares/apache/pig-0.15.0/lib/joda-time-2.5.jar to DistributedCache through /tmp/temp-875857551/tmp817833261/joda-time-2.5.jar
2022-04-07 04:48:28,745 [main] INFO  org.apache.pig.backend.hadoop.executionengine.mapReduceLayer.JobControlCompiler - Setting up single store job
2022-04-07 04:48:28,746 [main] INFO  org.apache.pig.data.SchemaTupleFrontend - Key [pig.schematuple] is false, will not generate code.
2022-04-07 04:48:28,746 [main] INFO  org.apache.pig.data.SchemaTupleFrontend - Starting process to move generated code to distributed cacche
2022-04-07 04:48:28,746 [main] INFO  org.apache.pig.data.SchemaTupleFrontend - Setting key [pig.schematuple.classes] with classes to deserialize []
2022-04-07 04:48:28,763 [main] INFO  org.apache.pig.backend.hadoop.executionengine.mapReduceLayer.MapReduceLauncher - 1 map-reduce job(s) waiting for submission.
2022-04-07 04:48:28,766 [JobControl] INFO  org.apache.hadoop.yarn.client.RMProxy - Connecting to ResourceManager at winter2022-comp421-1.cs.mcgill.ca/132.206.51.211:8032
2022-04-07 04:48:28,771 [JobControl] INFO  org.apache.hadoop.conf.Configuration.deprecation - fs.default.name is deprecated. Instead, use fs.defaultFS
2022-04-07 04:48:28,780 [JobControl] WARN  org.apache.hadoop.mapreduce.JobResourceUploader - No job jar file set.  User classes may not be found. See Job or Job#setJar(String).
2022-04-07 04:48:28,803 [JobControl] INFO  org.apache.hadoop.mapreduce.lib.input.FileInputFormat - Total input paths to process : 1
2022-04-07 04:48:28,803 [JobControl] INFO  org.apache.pig.backend.hadoop.executionengine.util.MapRedUtil - Total input paths to process : 1
2022-04-07 04:48:28,803 [JobControl] INFO  org.apache.pig.backend.hadoop.executionengine.util.MapRedUtil - Total input paths (combined) to process : 1
2022-04-07 04:48:28,838 [JobControl] INFO  org.apache.hadoop.mapreduce.JobSubmitter - number of splits:1
2022-04-07 04:48:28,871 [JobControl] INFO  org.apache.hadoop.mapreduce.JobSubmitter - Submitting tokens for job: job_1646255334772_26842
2022-04-07 04:48:28,873 [JobControl] INFO  org.apache.hadoop.mapred.YARNRunner - Job jar is not present. Not adding any jar to the list of resources.
2022-04-07 04:48:28,895 [JobControl] INFO  org.apache.hadoop.yarn.client.api.impl.YarnClientImpl - Submitted application application_1646255334772_26842
2022-04-07 04:48:28,897 [JobControl] INFO  org.apache.hadoop.mapreduce.Job - The url to track the job: http://winter2022-comp421-1.cs.mcgill.ca:8088/proxy/application_1646255334772_26842/
2022-04-07 04:48:29,264 [main] INFO  org.apache.pig.backend.hadoop.executionengine.mapReduceLayer.MapReduceLauncher - HadoopJobId: job_1646255334772_26842
2022-04-07 04:48:29,264 [main] INFO  org.apache.pig.backend.hadoop.executionengine.mapReduceLayer.MapReduceLauncher - Processing aliases tbl_ordered
2022-04-07 04:48:29,265 [main] INFO  org.apache.pig.backend.hadoop.executionengine.mapReduceLayer.MapReduceLauncher - detailed locations: M: tbl_ordered[26,14] C:  R: 
2022-04-07 04:48:47,970 [main] INFO  org.apache.pig.backend.hadoop.executionengine.mapReduceLayer.MapReduceLauncher - 70% complete
2022-04-07 04:48:47,970 [main] INFO  org.apache.pig.backend.hadoop.executionengine.mapReduceLayer.MapReduceLauncher - Running jobs are [job_1646255334772_26842]
2022-04-07 04:48:53,478 [main] INFO  org.apache.pig.backend.hadoop.executionengine.mapReduceLayer.MapReduceLauncher - 80% complete
2022-04-07 04:48:53,479 [main] INFO  org.apache.pig.backend.hadoop.executionengine.mapReduceLayer.MapReduceLauncher - Running jobs are [job_1646255334772_26842]
2022-04-07 04:48:58,989 [main] INFO  org.apache.hadoop.yarn.client.RMProxy - Connecting to ResourceManager at winter2022-comp421-1.cs.mcgill.ca/132.206.51.211:8032
2022-04-07 04:48:58,994 [main] INFO  org.apache.hadoop.mapred.ClientServiceDelegate - Application state is completed. FinalApplicationStatus=SUCCEEDED. Redirecting to job history server
2022-04-07 04:48:59,036 [main] INFO  org.apache.hadoop.yarn.client.RMProxy - Connecting to ResourceManager at winter2022-comp421-1.cs.mcgill.ca/132.206.51.211:8032
2022-04-07 04:48:59,039 [main] INFO  org.apache.hadoop.mapred.ClientServiceDelegate - Application state is completed. FinalApplicationStatus=SUCCEEDED. Redirecting to job history server
2022-04-07 04:48:59,064 [main] INFO  org.apache.hadoop.yarn.client.RMProxy - Connecting to ResourceManager at winter2022-comp421-1.cs.mcgill.ca/132.206.51.211:8032
2022-04-07 04:48:59,067 [main] INFO  org.apache.hadoop.mapred.ClientServiceDelegate - Application state is completed. FinalApplicationStatus=SUCCEEDED. Redirecting to job history server
2022-04-07 04:48:59,087 [main] INFO  org.apache.pig.tools.pigstats.mapreduce.MRScriptState - Pig script settings are added to the job
2022-04-07 04:48:59,087 [main] INFO  org.apache.pig.backend.hadoop.executionengine.mapReduceLayer.JobControlCompiler - mapred.job.reduce.markreset.buffer.percent is not set, set to default 0.3
2022-04-07 04:48:59,088 [main] INFO  org.apache.pig.backend.hadoop.executionengine.mapReduceLayer.JobControlCompiler - Reduce phase detected, estimating # of required reducers.
2022-04-07 04:48:59,088 [main] INFO  org.apache.pig.backend.hadoop.executionengine.mapReduceLayer.JobControlCompiler - Setting Parallelism to 1
2022-04-07 04:48:59,088 [main] INFO  org.apache.pig.backend.hadoop.executionengine.mapReduceLayer.JobControlCompiler - This job cannot be converted run in-process
2022-04-07 04:48:59,146 [main] INFO  org.apache.pig.backend.hadoop.executionengine.mapReduceLayer.JobControlCompiler - Added jar file:/data/cs421/softwares/apache/pig-0.15.0/pig-0.15.0-core-h2.jar to DistributedCache through /tmp/temp-875857551/tmp285761788/pig-0.15.0-core-h2.jar
2022-04-07 04:48:59,159 [main] INFO  org.apache.pig.backend.hadoop.executionengine.mapReduceLayer.JobControlCompiler - Added jar file:/data/cs421/softwares/apache/pig-0.15.0/lib/automaton-1.11-8.jar to DistributedCache through /tmp/temp-875857551/tmp-1816420453/automaton-1.11-8.jar
2022-04-07 04:48:59,171 [main] INFO  org.apache.pig.backend.hadoop.executionengine.mapReduceLayer.JobControlCompiler - Added jar file:/data/cs421/softwares/apache/pig-0.15.0/lib/antlr-runtime-3.4.jar to DistributedCache through /tmp/temp-875857551/tmp286407125/antlr-runtime-3.4.jar
2022-04-07 04:48:59,185 [main] INFO  org.apache.pig.backend.hadoop.executionengine.mapReduceLayer.JobControlCompiler - Added jar file:/data/cs421/softwares/apache/pig-0.15.0/lib/joda-time-2.5.jar to DistributedCache through /tmp/temp-875857551/tmp1313089293/joda-time-2.5.jar
2022-04-07 04:48:59,190 [main] INFO  org.apache.pig.backend.hadoop.executionengine.mapReduceLayer.JobControlCompiler - Setting up single store job
2022-04-07 04:48:59,191 [main] INFO  org.apache.pig.data.SchemaTupleFrontend - Key [pig.schematuple] is false, will not generate code.
2022-04-07 04:48:59,191 [main] INFO  org.apache.pig.data.SchemaTupleFrontend - Starting process to move generated code to distributed cacche
2022-04-07 04:48:59,191 [main] INFO  org.apache.pig.data.SchemaTupleFrontend - Setting key [pig.schematuple.classes] with classes to deserialize []
2022-04-07 04:48:59,203 [main] INFO  org.apache.pig.backend.hadoop.executionengine.mapReduceLayer.MapReduceLauncher - 1 map-reduce job(s) waiting for submission.
2022-04-07 04:48:59,205 [JobControl] INFO  org.apache.hadoop.yarn.client.RMProxy - Connecting to ResourceManager at winter2022-comp421-1.cs.mcgill.ca/132.206.51.211:8032
2022-04-07 04:48:59,214 [JobControl] INFO  org.apache.hadoop.conf.Configuration.deprecation - fs.default.name is deprecated. Instead, use fs.defaultFS
2022-04-07 04:48:59,221 [JobControl] WARN  org.apache.hadoop.mapreduce.JobResourceUploader - No job jar file set.  User classes may not be found. See Job or Job#setJar(String).
2022-04-07 04:48:59,240 [JobControl] INFO  org.apache.hadoop.mapreduce.lib.input.FileInputFormat - Total input paths to process : 1
2022-04-07 04:48:59,240 [JobControl] INFO  org.apache.pig.backend.hadoop.executionengine.util.MapRedUtil - Total input paths to process : 1
2022-04-07 04:48:59,240 [JobControl] INFO  org.apache.pig.backend.hadoop.executionengine.util.MapRedUtil - Total input paths (combined) to process : 1
2022-04-07 04:48:59,264 [JobControl] INFO  org.apache.hadoop.mapreduce.JobSubmitter - number of splits:1
2022-04-07 04:48:59,282 [JobControl] INFO  org.apache.hadoop.mapreduce.JobSubmitter - Submitting tokens for job: job_1646255334772_26849
2022-04-07 04:48:59,285 [JobControl] INFO  org.apache.hadoop.mapred.YARNRunner - Job jar is not present. Not adding any jar to the list of resources.
2022-04-07 04:48:59,301 [JobControl] INFO  org.apache.hadoop.yarn.client.api.impl.YarnClientImpl - Submitted application application_1646255334772_26849
2022-04-07 04:48:59,304 [JobControl] INFO  org.apache.hadoop.mapreduce.Job - The url to track the job: http://winter2022-comp421-1.cs.mcgill.ca:8088/proxy/application_1646255334772_26849/
2022-04-07 04:48:59,704 [main] INFO  org.apache.pig.backend.hadoop.executionengine.mapReduceLayer.MapReduceLauncher - HadoopJobId: job_1646255334772_26849
2022-04-07 04:48:59,704 [main] INFO  org.apache.pig.backend.hadoop.executionengine.mapReduceLayer.MapReduceLauncher - Processing aliases tbl_ordered
2022-04-07 04:48:59,704 [main] INFO  org.apache.pig.backend.hadoop.executionengine.mapReduceLayer.MapReduceLauncher - detailed locations: M: tbl_ordered[26,14] C:  R: 
2022-04-07 04:49:23,585 [main] INFO  org.apache.pig.backend.hadoop.executionengine.mapReduceLayer.MapReduceLauncher - 90% complete
2022-04-07 04:49:23,585 [main] INFO  org.apache.pig.backend.hadoop.executionengine.mapReduceLayer.MapReduceLauncher - Running jobs are [job_1646255334772_26849]
2022-04-07 04:49:28,592 [main] INFO  org.apache.pig.backend.hadoop.executionengine.mapReduceLayer.MapReduceLauncher - Running jobs are [job_1646255334772_26849]
2022-04-07 04:49:29,600 [main] INFO  org.apache.hadoop.yarn.client.RMProxy - Connecting to ResourceManager at winter2022-comp421-1.cs.mcgill.ca/132.206.51.211:8032
2022-04-07 04:49:29,618 [main] INFO  org.apache.hadoop.mapred.ClientServiceDelegate - Application state is completed. FinalApplicationStatus=SUCCEEDED. Redirecting to job history server
2022-04-07 04:49:29,660 [main] INFO  org.apache.hadoop.yarn.client.RMProxy - Connecting to ResourceManager at winter2022-comp421-1.cs.mcgill.ca/132.206.51.211:8032
2022-04-07 04:49:29,666 [main] INFO  org.apache.hadoop.mapred.ClientServiceDelegate - Application state is completed. FinalApplicationStatus=SUCCEEDED. Redirecting to job history server
2022-04-07 04:49:29,688 [main] INFO  org.apache.hadoop.yarn.client.RMProxy - Connecting to ResourceManager at winter2022-comp421-1.cs.mcgill.ca/132.206.51.211:8032
2022-04-07 04:49:29,691 [main] INFO  org.apache.hadoop.mapred.ClientServiceDelegate - Application state is completed. FinalApplicationStatus=SUCCEEDED. Redirecting to job history server
2022-04-07 04:49:29,717 [main] INFO  org.apache.pig.backend.hadoop.executionengine.mapReduceLayer.MapReduceLauncher - 100% complete
2022-04-07 04:49:29,737 [main] INFO  org.apache.pig.tools.pigstats.mapreduce.SimplePigStats - Script Statistics: 

HadoopVersion	PigVersion	UserId	StartedAt	FinishedAt	Features
2.7.2	0.15.0	fanika	2022-04-07 04:47:14	2022-04-07 04:49:29	HASH_JOIN,GROUP_BY,ORDER_BY,FILTER

Success!

Job Stats (time in seconds):
JobId	Maps	Reduces	MaxMapTime	MinMapTime	AvgMapTime	MedianMapTime	MaxReduceTime	MinReduceTime	AvgReduceTime	MedianReducetime	Alias	Feature	Outputs
job_1646255334772_26828	1	1	3	3	3	3	2	2	2	2	companies_counted,companies_grouped,vmetacsv	GROUP_BY,COMBINER	
job_1646255334772_26831	2	1	5	5	5	5	2	2	2	2	join_vacc,vdatacsv	HASH_JOIN	
job_1646255334772_26835	2	1	9	8	8	8	4	4	4	4	join_pop,popcsv,tbl,tbl_filter	HASH_JOIN	
job_1646255334772_26842	1	1	3	3	3	3	3	3	3	3	tbl_ordered	SAMPLER	
job_1646255334772_26849	1	1	5	5	5	5	3	3	3	3	tbl_ordered	ORDER_BY	hdfs://winter2022-comp421-1.cs.mcgill.ca:9000/tmp/temp-875857551/tmp-1894960557,

Input(s):
Successfully read 730 records (42609 bytes) from: "/data/vaccination-metadata.csv"
Successfully read 227 records from: "/data/vaccination-data.csv"
Successfully read 194 records from: "/data/pop.csv"

Output(s):
Successfully stored 84 records (2585 bytes) in: "hdfs://winter2022-comp421-1.cs.mcgill.ca:9000/tmp/temp-875857551/tmp-1894960557"

Counters:
Total records written : 84
Total bytes written : 2585
Spillable Memory Manager spill count : 0
Total bags proactively spilled: 0
Total records proactively spilled: 0

Job DAG:
job_1646255334772_26828	->	job_1646255334772_26831,
job_1646255334772_26831	->	job_1646255334772_26835,
job_1646255334772_26835	->	job_1646255334772_26842,
job_1646255334772_26842	->	job_1646255334772_26849,
job_1646255334772_26849


2022-04-07 04:49:29,739 [main] INFO  org.apache.hadoop.yarn.client.RMProxy - Connecting to ResourceManager at winter2022-comp421-1.cs.mcgill.ca/132.206.51.211:8032
2022-04-07 04:49:29,741 [main] INFO  org.apache.hadoop.mapred.ClientServiceDelegate - Application state is completed. FinalApplicationStatus=SUCCEEDED. Redirecting to job history server
2022-04-07 04:49:29,777 [main] INFO  org.apache.hadoop.yarn.client.RMProxy - Connecting to ResourceManager at winter2022-comp421-1.cs.mcgill.ca/132.206.51.211:8032
2022-04-07 04:49:29,780 [main] INFO  org.apache.hadoop.mapred.ClientServiceDelegate - Application state is completed. FinalApplicationStatus=SUCCEEDED. Redirecting to job history server
2022-04-07 04:49:29,811 [main] INFO  org.apache.hadoop.yarn.client.RMProxy - Connecting to ResourceManager at winter2022-comp421-1.cs.mcgill.ca/132.206.51.211:8032
2022-04-07 04:49:29,814 [main] INFO  org.apache.hadoop.mapred.ClientServiceDelegate - Application state is completed. FinalApplicationStatus=SUCCEEDED. Redirecting to job history server
2022-04-07 04:49:29,845 [main] INFO  org.apache.hadoop.yarn.client.RMProxy - Connecting to ResourceManager at winter2022-comp421-1.cs.mcgill.ca/132.206.51.211:8032
2022-04-07 04:49:29,847 [main] INFO  org.apache.hadoop.mapred.ClientServiceDelegate - Application state is completed. FinalApplicationStatus=SUCCEEDED. Redirecting to job history server
2022-04-07 04:49:29,885 [main] INFO  org.apache.hadoop.yarn.client.RMProxy - Connecting to ResourceManager at winter2022-comp421-1.cs.mcgill.ca/132.206.51.211:8032
2022-04-07 04:49:29,887 [main] INFO  org.apache.hadoop.mapred.ClientServiceDelegate - Application state is completed. FinalApplicationStatus=SUCCEEDED. Redirecting to job history server
2022-04-07 04:49:29,911 [main] INFO  org.apache.hadoop.yarn.client.RMProxy - Connecting to ResourceManager at winter2022-comp421-1.cs.mcgill.ca/132.206.51.211:8032
2022-04-07 04:49:29,914 [main] INFO  org.apache.hadoop.mapred.ClientServiceDelegate - Application state is completed. FinalApplicationStatus=SUCCEEDED. Redirecting to job history server
2022-04-07 04:49:29,941 [main] INFO  org.apache.hadoop.yarn.client.RMProxy - Connecting to ResourceManager at winter2022-comp421-1.cs.mcgill.ca/132.206.51.211:8032
2022-04-07 04:49:29,944 [main] INFO  org.apache.hadoop.mapred.ClientServiceDelegate - Application state is completed. FinalApplicationStatus=SUCCEEDED. Redirecting to job history server
2022-04-07 04:49:29,972 [main] INFO  org.apache.hadoop.yarn.client.RMProxy - Connecting to ResourceManager at winter2022-comp421-1.cs.mcgill.ca/132.206.51.211:8032
2022-04-07 04:49:29,975 [main] INFO  org.apache.hadoop.mapred.ClientServiceDelegate - Application state is completed. FinalApplicationStatus=SUCCEEDED. Redirecting to job history server
2022-04-07 04:49:30,048 [main] INFO  org.apache.hadoop.yarn.client.RMProxy - Connecting to ResourceManager at winter2022-comp421-1.cs.mcgill.ca/132.206.51.211:8032
2022-04-07 04:49:30,051 [main] INFO  org.apache.hadoop.mapred.ClientServiceDelegate - Application state is completed. FinalApplicationStatus=SUCCEEDED. Redirecting to job history server
2022-04-07 04:49:30,078 [main] INFO  org.apache.hadoop.yarn.client.RMProxy - Connecting to ResourceManager at winter2022-comp421-1.cs.mcgill.ca/132.206.51.211:8032
2022-04-07 04:49:30,081 [main] INFO  org.apache.hadoop.mapred.ClientServiceDelegate - Application state is completed. FinalApplicationStatus=SUCCEEDED. Redirecting to job history server
2022-04-07 04:49:30,107 [main] INFO  org.apache.hadoop.yarn.client.RMProxy - Connecting to ResourceManager at winter2022-comp421-1.cs.mcgill.ca/132.206.51.211:8032
2022-04-07 04:49:30,110 [main] INFO  org.apache.hadoop.mapred.ClientServiceDelegate - Application state is completed. FinalApplicationStatus=SUCCEEDED. Redirecting to job history server
2022-04-07 04:49:30,134 [main] INFO  org.apache.hadoop.yarn.client.RMProxy - Connecting to ResourceManager at winter2022-comp421-1.cs.mcgill.ca/132.206.51.211:8032
2022-04-07 04:49:30,136 [main] INFO  org.apache.hadoop.mapred.ClientServiceDelegate - Application state is completed. FinalApplicationStatus=SUCCEEDED. Redirecting to job history server
2022-04-07 04:49:30,159 [main] INFO  org.apache.hadoop.yarn.client.RMProxy - Connecting to ResourceManager at winter2022-comp421-1.cs.mcgill.ca/132.206.51.211:8032
2022-04-07 04:49:30,162 [main] INFO  org.apache.hadoop.mapred.ClientServiceDelegate - Application state is completed. FinalApplicationStatus=SUCCEEDED. Redirecting to job history server
2022-04-07 04:49:30,186 [main] INFO  org.apache.hadoop.yarn.client.RMProxy - Connecting to ResourceManager at winter2022-comp421-1.cs.mcgill.ca/132.206.51.211:8032
2022-04-07 04:49:30,191 [main] INFO  org.apache.hadoop.mapred.ClientServiceDelegate - Application state is completed. FinalApplicationStatus=SUCCEEDED. Redirecting to job history server
2022-04-07 04:49:30,211 [main] INFO  org.apache.hadoop.yarn.client.RMProxy - Connecting to ResourceManager at winter2022-comp421-1.cs.mcgill.ca/132.206.51.211:8032
2022-04-07 04:49:30,213 [main] INFO  org.apache.hadoop.mapred.ClientServiceDelegate - Application state is completed. FinalApplicationStatus=SUCCEEDED. Redirecting to job history server
2022-04-07 04:49:30,236 [main] INFO  org.apache.pig.backend.hadoop.executionengine.mapReduceLayer.MapReduceLauncher - Success!
2022-04-07 04:49:30,238 [main] INFO  org.apache.hadoop.conf.Configuration.deprecation - fs.default.name is deprecated. Instead, use fs.defaultFS
2022-04-07 04:49:30,239 [main] INFO  org.apache.pig.data.SchemaTupleBackend - Key [pig.schematuple] was not set... will not generate code.
2022-04-07 04:49:30,242 [main] INFO  org.apache.hadoop.mapreduce.lib.input.FileInputFormat - Total input paths to process : 1
2022-04-07 04:49:30,242 [main] INFO  org.apache.pig.backend.hadoop.executionengine.util.MapRedUtil - Total input paths to process : 1
(China,1411415,,6)
(India,1324171,9.4,5)
(United States of America,322180,52.1,3)
(Indonesia,261115,11.100000000000001,5)
(Brazil,207653,21.8,5)
(Pakistan,193203,6.5,8)
(Nigeria,185990,0.7000000000000001,1)
(Bangladesh,162952,3.6,8)
(Russian Federation,143965,23.0,2)
(Japan,127749,27.5,4)
(Mexico,127540,22.200000000000003,6)
(Philippines,103320,0.0,9)
(Ethiopia,102403,0.2,3)
(Egypt,95689,2.2,6)
(Viet Nam,94569,0.8,5)
(Germany,81915,59.1,4)
(Iran (Islamic Republic of),80277,5.4,4)
(Turkey,79512,42.900000000000006,2)
(Democratic Republic of the Congo,78736,0.0,1)
(Thailand,68864,7.5,7)
(France,64721,55.900000000000006,4)
(Italy,59430,58.6,4)
(South Africa,56015,8.0,1)
(United Republic of Tanzania,55572,0.30000000000000004,1)
(Myanmar,52885,2.8000000000000003,2)
(Republic of Korea,50792,15.200000000000001,5)
(Colombia,48653,27.700000000000003,5)
(Kenya,48462,1.5,1)
(Spain,46348,65.2,4)
(Ukraine,44439,6.5,6)
(Argentina,43847,21.700000000000003,5)
(Uganda,41488,0.5,1)
(Algeria,40606,1.7000000000000002,3)
(Sudan,39579,0.4,5)
(Poland,38224,47.7,4)
(Iraq,37203,1.0,4)
(Canada,36290,65.8,3)
(Morocco,35277,32.300000000000004,4)
(Afghanistan,34656,2.9000000000000004,4)
(Saudi Arabia,32276,37.2,4)
(Peru,31774,20.5,4)
(Venezuela (Bolivarian Republic of),31568,0.30000000000000004,3)
(Uzbekistan,31447,,4)
(Malaysia,31187,25.6,5)
(Nepal,28983,12.0,6)
(Mozambique,28829,2.2,2)
(Angola,28813,2.5,1)
(Ghana,28207,1.4000000000000001,2)
(Yemen,27584,0.0,1)
(Madagascar,24895,,1)
(Australia,24126,19.200000000000003,3)
(Côte d’Ivoire,23696,0.9,3)
(Cameroon,23439,0.30000000000000004,2)
(Sri Lanka,20798,23.8,6)
(Niger,20673,0.4,2)
(Romania,19778,25.3,4)
(Burkina Faso,18646,0.0,1)
(Syrian Arab Republic,18430,0.0,5)
(Malawi,18092,1.7000000000000002,1)
(Mali,17995,0.4,1)
(Kazakhstan,17988,26.700000000000003,4)
(Chile,17910,70.3,4)
(Netherlands,16987,62.0,4)
(Zambia,16591,1.2000000000000002,1)
(Guatemala,16582,2.6,4)
(Ecuador,16385,25.3,4)
(Zimbabwe,16150,0.8,3)
(Cambodia,15762,35.5,5)
(Senegal,15412,4.0,2)
(Chad,14453,0.0,1)
(Somalia,14318,0.6000000000000001,4)
(Guinea,12396,2.7,6)
(South Sudan,12231,0.0,1)
(Rwanda,11918,3.3000000000000003,3)
(Cuba,11476,31.400000000000002,0)
(Tunisia,11403,11.4,5)
(Belgium,11358,67.9,4)
(Greece,11184,49.7,4)
(Bolivia (Plurinational State of),10888,18.1,5)
(Benin,10872,0.30000000000000004,2)
(Haiti,10847,0.0,2)
(Dominican Republic,10649,41.6,3)
(Czechia,10611,51.0,4)
(Portugal,10372,65.7,4)
2022-04-07 04:49:30,327 [main] INFO  org.apache.pig.Main - Pig script completed in 2 minutes, 18 seconds and 302 milliseconds (138302 ms)
